🔐 Authenticating with GHCR...
Login Succeeded
📦 Building mail-zero frontend image...
#0 building with "desktop-linux" instance using docker driver

#1 [internal] load build definition from Dockerfile
#1 transferring dockerfile: 2.41kB done
#1 DONE 0.0s

#2 [internal] load metadata for docker.io/library/node:22-alpine
#2 DONE 0.5s

#3 [internal] load .dockerignore
#3 transferring context: 607B done
#3 DONE 0.0s

#4 [base 1/1] FROM docker.io/library/node:22-alpine@sha256:8094c002d08262dba12645a3b4a15cd6cd627d30bc782f53229a2ec13ee22a00
#4 resolve docker.io/library/node:22-alpine@sha256:8094c002d08262dba12645a3b4a15cd6cd627d30bc782f53229a2ec13ee22a00 done
#4 DONE 0.0s

#5 [builder 1/7] WORKDIR /app
#5 CACHED

#6 [internal] load build context
#6 transferring context: 3.02MB 1.3s done
#6 DONE 1.3s

#7 [builder 2/7] RUN npm install -g pnpm wrangler
#7 CACHED

#8 [builder 3/7] COPY package.json pnpm-lock.yaml pnpm-workspace.yaml turbo.json ./
#8 CACHED

#9 [builder 4/7] COPY patches/ ./patches/
#9 CACHED

#10 [builder 5/7] COPY . .
#10 DONE 2.1s

#11 [runner 2/6] RUN npm install -g wrangler
#11 ...

#12 [builder 6/7] RUN pnpm install --frozen-lockfile
#12 8.181 Scope: all 7 workspace projects
#12 8.367 Lockfile is up to date, resolution step is skipped
#12 8.435 Progress: resolved 1, reused 0, downloaded 0, added 0
#12 8.657 Packages: +1789
#12 8.657 ++++++++++++++++++++++++++++++++++++++++++++++++++++++++++++++++++++++++++++++++
#12 9.437 Progress: resolved 1789, reused 0, downloaded 0, added 0
#12 10.44 Progress: resolved 1789, reused 0, downloaded 22, added 23
#12 11.44 Progress: resolved 1789, reused 0, downloaded 51, added 52
#12 12.60 Progress: resolved 1789, reused 0, downloaded 93, added 94
#12 13.59 Progress: resolved 1789, reused 0, downloaded 205, added 207
#12 ...

#11 [runner 2/6] RUN npm install -g wrangler
#11 17.12 
#11 17.12 added 35 packages in 16s
#11 17.12 
#11 17.12 7 packages are looking for funding
#11 17.12   run `npm fund` for details
#11 17.12 npm notice
#11 17.12 npm notice New major version of npm available! 10.9.4 -> 11.11.1
#11 17.12 npm notice Changelog: https://github.com/npm/cli/releases/tag/v11.11.1
#11 17.12 npm notice To update run: npm install -g npm@11.11.1
#11 17.12 npm notice
#11 DONE 17.5s

#12 [builder 6/7] RUN pnpm install --frozen-lockfile
#12 ...

#13 [runner 3/6] RUN addgroup -S -g 1001 pnpm &&     adduser -S -u 1001 nextjs -G pnpm
#13 DONE 0.2s

#12 [builder 6/7] RUN pnpm install --frozen-lockfile
#12 ...

#14 [runner 4/6] COPY scripts/docker/ /app/scripts
#14 DONE 0.0s

#15 [runner 5/6] RUN chmod -R +x /app/scripts/*
#15 DONE 0.2s

#12 [builder 6/7] RUN pnpm install --frozen-lockfile
#12 14.60 Progress: resolved 1789, reused 0, downloaded 226, added 230
#12 15.60 Progress: resolved 1789, reused 0, downloaded 240, added 244
#12 16.60 Progress: resolved 1789, reused 0, downloaded 247, added 251
#12 17.60 Progress: resolved 1789, reused 0, downloaded 262, added 267
#12 18.61 Progress: resolved 1789, reused 0, downloaded 275, added 280
#12 19.61 Progress: resolved 1789, reused 0, downloaded 285, added 290
#12 20.61 Progress: resolved 1789, reused 0, downloaded 318, added 323
#12 21.62 Progress: resolved 1789, reused 0, downloaded 351, added 356
#12 22.66 Progress: resolved 1789, reused 0, downloaded 385, added 390
#12 23.65 Progress: resolved 1789, reused 0, downloaded 410, added 415
#12 24.65 Progress: resolved 1789, reused 0, downloaded 437, added 442
#12 25.65 Progress: resolved 1789, reused 0, downloaded 453, added 458
#12 26.65 Progress: resolved 1789, reused 0, downloaded 477, added 482
#12 27.65 Progress: resolved 1789, reused 0, downloaded 549, added 554
#12 28.65 Progress: resolved 1789, reused 0, downloaded 589, added 594
#12 29.66 Progress: resolved 1789, reused 0, downloaded 625, added 631
#12 30.66 Progress: resolved 1789, reused 0, downloaded 690, added 696
#12 31.66 Progress: resolved 1789, reused 0, downloaded 718, added 724
#12 32.66 Progress: resolved 1789, reused 0, downloaded 823, added 829
#12 33.66 Progress: resolved 1789, reused 0, downloaded 862, added 868
#12 34.66 Progress: resolved 1789, reused 0, downloaded 886, added 892
#12 35.66 Progress: resolved 1789, reused 0, downloaded 932, added 938
#12 36.67 Progress: resolved 1789, reused 0, downloaded 981, added 987
#12 37.67 Progress: resolved 1789, reused 0, downloaded 1019, added 1024
#12 38.67 Progress: resolved 1789, reused 0, downloaded 1040, added 1046
#12 39.67 Progress: resolved 1789, reused 0, downloaded 1073, added 1079
#12 40.67 Progress: resolved 1789, reused 0, downloaded 1116, added 1121
#12 41.67 Progress: resolved 1789, reused 0, downloaded 1152, added 1158
#12 42.68 Progress: resolved 1789, reused 0, downloaded 1189, added 1195
#12 43.68 Progress: resolved 1789, reused 0, downloaded 1251, added 1257
#12 44.68 Progress: resolved 1789, reused 0, downloaded 1294, added 1300
#12 45.68 Progress: resolved 1789, reused 0, downloaded 1318, added 1324
#12 46.68 Progress: resolved 1789, reused 0, downloaded 1385, added 1391
#12 47.68 Progress: resolved 1789, reused 0, downloaded 1431, added 1441
#12 48.68 Progress: resolved 1789, reused 0, downloaded 1482, added 1492
#12 49.70 Progress: resolved 1789, reused 0, downloaded 1543, added 1550
#12 50.69 Progress: resolved 1789, reused 0, downloaded 1589, added 1599
#12 51.69 Progress: resolved 1789, reused 0, downloaded 1660, added 1670
#12 52.70 Progress: resolved 1789, reused 0, downloaded 1686, added 1696
#12 53.70 Progress: resolved 1789, reused 0, downloaded 1733, added 1743
#12 54.70 Progress: resolved 1789, reused 0, downloaded 1774, added 1784
#12 55.70 Progress: resolved 1789, reused 0, downloaded 1776, added 1786
#12 56.70 Progress: resolved 1789, reused 0, downloaded 1778, added 1788
#12 58.15 Progress: resolved 1789, reused 0, downloaded 1779, added 1788
#12 58.65 Progress: resolved 1789, reused 0, downloaded 1779, added 1789, done
#12 59.45 .../esbuild@0.25.5/node_modules/esbuild postinstall$ node install.js
#12 59.45 .../sharp@0.33.5/node_modules/sharp install$ node install/check
#12 59.45 .../esbuild@0.18.20/node_modules/esbuild postinstall$ node install.js
#12 59.45 .../node_modules/workerd postinstall$ node install.js
#12 59.46 .../node_modules/workerd postinstall$ node install.js
#12 60.40 .../node_modules/workerd postinstall: rosetta error: failed to open elf at /lib64/ld-linux-x86-64.so.2
#12 60.40 .../node_modules/workerd postinstall: rosetta error: failed to open elf at /lib64/ld-linux-x86-64.so.2
#12 60.40 .../sharp@0.33.5/node_modules/sharp install: Done
#12 60.41 .../esbuild@0.25.5/node_modules/esbuild postinstall: Done
#12 60.42 .../node_modules/workerd postinstall:  [workerd] Failed to validate workerd binary
#12 60.42 .../node_modules/workerd postinstall: Local development will not work. This usually means you're on an unsupported
#12 60.42 .../node_modules/workerd postinstall: operating system, or missing some shared libraries. On Debian-based systems,
#12 60.42 .../node_modules/workerd postinstall: make sure you've installed the `libc++1` package.
#12 60.42 .../node_modules/workerd postinstall:  [workerd] Failed to validate workerd binary
#12 60.42 .../node_modules/workerd postinstall: Local development will not work. This usually means you're on an unsupported
#12 60.42 .../node_modules/workerd postinstall: operating system, or missing some shared libraries. On Debian-based systems,
#12 60.42 .../node_modules/workerd postinstall: make sure you've installed the `libc++1` package.
#12 60.42 .../esbuild@0.18.20/node_modules/esbuild postinstall: Done
#12 60.44 .../node_modules/workerd postinstall: Done
#12 60.44 .../node_modules/workerd postinstall: Done
#12 60.48 .../esbuild@0.25.4/node_modules/esbuild postinstall$ node install.js
#12 60.69 .../node_modules/@sentry/cli postinstall$ node ./scripts/install.js
#12 60.72 .../node_modules/@tailwindcss/oxide postinstall$ node ./scripts/install.js
#12 61.17 .../node_modules/core-js-pure postinstall$ node -e "try{require('./postinstall')}catch(e){}"
#12 61.21 .../core-js@3.43.0/node_modules/core-js postinstall$ node -e "try{require('./postinstall')}catch(e){}"
#12 61.27 .../esbuild@0.25.4/node_modules/esbuild postinstall: Done
#12 61.29 .../node_modules/@sentry/cli postinstall: Done
#12 61.32 .../node_modules/better-sqlite3 install$ prebuild-install || node-gyp rebuild --release
#12 61.37 .../node_modules/msw postinstall$ node -e "import('./config/scripts/postinstall.js').catch(() => void 0)"
#12 61.38 .../node_modules/@tailwindcss/oxide postinstall: Done
#12 61.41 .../esbuild@0.21.5/node_modules/esbuild postinstall$ node install.js
#12 61.51 .../node_modules/core-js-pure postinstall: Done
#12 61.54 .../core-js@3.43.0/node_modules/core-js postinstall: Done
#12 61.76 .../node_modules/msw postinstall: Done
#12 61.94 .../node_modules/msw postinstall$ node -e "import('./config/scripts/postinstall.js').catch(() => void 0)"
#12 61.95 .../esbuild@0.21.5/node_modules/esbuild postinstall: Done
#12 62.27 .../node_modules/msw postinstall: Done
#12 62.91 .../node_modules/better-sqlite3 install: Done
#12 63.34 
#12 63.34 dependencies:
#12 63.34 + drizzle-kit 0.31.4
#12 63.34 + react-router 7.6.3
#12 63.34 + zod 4.1.1
#12 63.34 + zod-to-json-schema 3.24.6
#12 63.34 
#12 63.34 devDependencies:
#12 63.34 + @types/node 24.3.0
#12 63.34 + @zero/tsconfig <- packages/tsconfig
#12 63.34 + dotenv-cli 10.0.0
#12 63.34 + husky 9.1.7
#12 63.34 + prettier 3.6.2
#12 63.34 + prettier-plugin-sort-imports 1.8.8
#12 63.34 + prettier-plugin-tailwindcss 0.6.14
#12 63.34 + tsx 4.20.5
#12 63.34 + turbo 2.5.6
#12 63.34 + typescript 5.8.3
#12 63.34 
#12 63.34 ╭ Warning ─────────────────────────────────────────────────────────────────────╮
#12 63.34 │                                                                              │
#12 63.34 │   Ignored build scripts: protobufjs.                                         │
#12 63.34 │   Run "pnpm approve-builds" to pick which dependencies should be allowed     │
#12 63.34 │   to run scripts.                                                            │
#12 63.34 │                                                                              │
#12 63.34 ╰──────────────────────────────────────────────────────────────────────────────╯
#12 63.34 
#12 63.44 . postinstall$ pnpm nizzy sync
#12 64.12 . postinstall: > zero@0.1.0 nizzy /app
#12 64.12 . postinstall: > tsx ./packages/cli/src/cli.ts sync
#12 65.38 . postinstall: [90m┌[39m  Nizzy CLI
#12 65.38 . postinstall: [90m│[39m
#12 65.38 . postinstall: [32m◇[39m  No .env file exists, creating one using `pnpm nizzy env`
#12 65.43 . postinstall: Done
#12 65.43 . prepare$ husky
#12 65.75 . prepare: git command not found
#12 65.75 . prepare: Done
#12 65.98 Done in 58.2s using pnpm v10.15.0
#12 DONE 66.9s

#16 [builder 7/7] RUN cd apps/mail && pnpm run build
#16 2.576 
#16 2.576 > @zero/mail@0.1.0 build /app/apps/mail
#16 2.576 > react-router build
#16 2.576 
#16 11.77 
#16 11.77   [38;2;244;191;117;1m⚠[0m [38;2;244;191;117;1meslint(no-unused-vars): Identifier 'm' is imported but never used.[0m
#16 11.77     ╭─[[38;2;92;157;255;1mcomponents/ui/nav-main.tsx[0m:12:10]
#16 11.77  [2m11[0m │ import { Link, useLocation } from 'react-router';
#16 11.77  [2m12[0m │ import { m } from '../../paraglide/messages.js';
#16 11.77     · [38;2;246;87;248m         ┬[0m
#16 11.77     ·          [38;2;246;87;248m╰── [38;2;246;87;248m'm' is imported here[0m[0m
#16 11.77  [2m13[0m │ import { Button } from '@/components/ui/button';
#16 11.77     ╰────
#16 11.77 [38;2;106;159;181m  help: [0mConsider removing this import.
#16 11.77 
#16 11.77   [38;2;244;191;117;1m⚠[0m [38;2;244;191;117;1meslint(no-unused-vars): Identifier 'useMemo' is imported but never used.[0m
#16 11.77     ╭─[[38;2;92;157;255;1mcomponents/create/create-email.tsx[0m:14:21]
#16 11.77  [2m13[0m │ import { useDraft } from '@/hooks/use-drafts';
#16 11.77  [2m14[0m │ import { useEffect, useMemo, useState } from 'react';
#16 11.77     · [38;2;246;87;248m                    ───┬───[0m
#16 11.77     ·                        [38;2;246;87;248m╰── [38;2;246;87;248m'useMemo' is imported here[0m[0m
#16 11.77  [2m15[0m │ 
#16 11.77     ╰────
#16 11.77 [38;2;106;159;181m  help: [0mConsider removing this import.
#16 11.77 
#16 11.77   [38;2;244;191;117;1m⚠[0m [38;2;244;191;117;1meslint(no-constant-condition): Unexpected constant condition[0m
#16 11.77      ╭─[[38;2;92;157;255;1mcomponents/create/ai-chat.tsx[0m:264:12]
#16 11.77  [2m263[0m │         <div className="min-h-full px-2 py-4">
#16 11.77  [2m264[0m │           {false ? (
#16 11.77      · [38;2;246;87;248m           ─────[0m
#16 11.77  [2m265[0m │             <div
#16 11.77      ╰────
#16 11.77 [38;2;106;159;181m  help: [0mConstant expression as a test condition is not allowed
#16 11.77 
#16 11.77   [38;2;244;191;117;1m⚠[0m [38;2;244;191;117;1meslint(no-unused-vars): Variable 'chatMessages' is declared but never used. Unused variables should start with a '_'.[0m
#16 11.77      ╭─[[38;2;92;157;255;1mcomponents/create/ai-chat.tsx[0m:207:11]
#16 11.77  [2m206[0m │   const messagesContainerRef = useRef<HTMLDivElement>(null);
#16 11.77  [2m207[0m │   const { chatMessages } = useBilling();
#16 11.77      · [38;2;246;87;248m          ──────┬─────[0m
#16 11.77      ·                 [38;2;246;87;248m╰── [38;2;246;87;248m'chatMessages' is declared here[0m[0m
#16 11.77  [2m208[0m │   const { isFullScreen } = useAIFullScreen();
#16 11.77      ╰────
#16 11.77 [38;2;106;159;181m  help: [0mConsider removing this declaration.
#16 11.77 
#16 11.77 Found 4 warnings and 0 errors.
#16 11.77 Finished in 327ms on 255 files using 10 threads.
#16 11.77 
#16 11.77 Oxlint successfully finished.
#16 12.00 [success] [paraglide-js] Compilation complete (message-modules)
#16 12.00 Using Vite Environment API (experimental)
#16 12.01 [36mvite v6.3.5 [32mbuilding for production...[36m[39m
#16 18.16 [success] [paraglide-js] Compilation complete (message-modules)
#16 18.59 transforming...
#16 20.12 
#16 20.12   [38;2;244;191;117;1m⚠[0m [38;2;244;191;117;1meslint(no-unused-vars): Identifier 'm' is imported but never used.[0m
#16 20.12     ╭─[[38;2;92;157;255;1mcomponents/ui/nav-main.tsx[0m:12:10]
#16 20.12  [2m11[0m │ import { Link, useLocation } from 'react-router';
#16 20.12  [2m12[0m │ import { m } from '../../paraglide/messages.js';
#16 20.12     · [38;2;246;87;248m         ┬[0m
#16 20.12     ·          [38;2;246;87;248m╰── [38;2;246;87;248m'm' is imported here[0m[0m
#16 20.12  [2m13[0m │ import { Button } from '@/components/ui/button';
#16 20.12     ╰────
#16 20.12 [38;2;106;159;181m  help: [0mConsider removing this import.
#16 20.12 
#16 20.12   [38;2;244;191;117;1m⚠[0m [38;2;244;191;117;1meslint(no-unused-vars): Identifier 'useMemo' is imported but never used.[0m
#16 20.12     ╭─[[38;2;92;157;255;1mcomponents/create/create-email.tsx[0m:14:21]
#16 20.12  [2m13[0m │ import { useDraft } from '@/hooks/use-drafts';
#16 20.12  [2m14[0m │ import { useEffect, useMemo, useState } from 'react';
#16 20.12     · [38;2;246;87;248m                    ───┬───[0m
#16 20.12     ·                        [38;2;246;87;248m╰── [38;2;246;87;248m'useMemo' is imported here[0m[0m
#16 20.12  [2m15[0m │ 
#16 20.12     ╰────
#16 20.12 [38;2;106;159;181m  help: [0mConsider removing this import.
#16 20.12 
#16 20.12   [38;2;244;191;117;1m⚠[0m [38;2;244;191;117;1meslint(no-constant-condition): Unexpected constant condition[0m
#16 20.12      ╭─[[38;2;92;157;255;1mcomponents/create/ai-chat.tsx[0m:264:12]
#16 20.12  [2m263[0m │         <div className="min-h-full px-2 py-4">
#16 20.12  [2m264[0m │           {false ? (
#16 20.12      · [38;2;246;87;248m           ─────[0m
#16 20.12  [2m265[0m │             <div
#16 20.12      ╰────
#16 20.12 [38;2;106;159;181m  help: [0mConstant expression as a test condition is not allowed
#16 20.12 
#16 20.12   [38;2;244;191;117;1m⚠[0m [38;2;244;191;117;1meslint(no-unused-vars): Variable 'chatMessages' is declared but never used. Unused variables should start with a '_'.[0m
#16 20.12      ╭─[[38;2;92;157;255;1mcomponents/create/ai-chat.tsx[0m:207:11]
#16 20.12  [2m206[0m │   const messagesContainerRef = useRef<HTMLDivElement>(null);
#16 20.12  [2m207[0m │   const { chatMessages } = useBilling();
#16 20.12      · [38;2;246;87;248m          ──────┬─────[0m
#16 20.12      ·                 [38;2;246;87;248m╰── [38;2;246;87;248m'chatMessages' is declared here[0m[0m
#16 20.12  [2m208[0m │   const { isFullScreen } = useAIFullScreen();
#16 20.12      ╰────
#16 20.12 [38;2;106;159;181m  help: [0mConsider removing this declaration.
#16 20.12 
#16 20.12 Found 4 warnings and 0 errors.
#16 20.12 Finished in 293ms on 255 files using 10 threads.
#16 20.12 
#16 20.12 Oxlint successfully finished.
#16 22.70 [BABEL] Note: The code generator has deoptimised the styling of /app/node_modules/.pnpm/react-dom@19.1.0_react@19.1.0/node_modules/react-dom/cjs/react-dom-client.production.js as it exceeds the max of 500KB.
#16 54.05 [33mcomponents/ui/recipient-autosuggest.tsx (1:0): Error when using sourcemap for reporting an error: Can't resolve original location of error.[39m
#16 55.27 [BABEL] Note: The code generator has deoptimised the styling of /app/node_modules/.pnpm/@tiptap+extension-emoji@2.23.1_@tiptap+core@2.23.0_@tiptap+pm@2.23.0__@tiptap+pm@2.23.0_571826be24721b5b9d97cada1099a793/node_modules/@tiptap/extension-emoji/dist/index.js as it exceeds the max of 500KB.
#16 66.59 [BABEL] Note: The code generator has deoptimised the styling of /app/node_modules/.pnpm/react-moveable@0.56.0/node_modules/react-moveable/dist/moveable.esm.js as it exceeds the max of 500KB.
#16 68.42 [33m../../node_modules/.pnpm/@daybrush+utils@1.13.0/node_modules/@daybrush/utils/dist/utils.esm.js (158:30): A comment
#16 68.42 
#16 68.42 "/*#__PURE__*/"
#16 68.42 
#16 68.42 in "../../node_modules/.pnpm/@daybrush+utils@1.13.0/node_modules/@daybrush/utils/dist/utils.esm.js" contains an annotation that Rollup cannot interpret due to the position of the comment. The comment will be removed to avoid issues.[39m
#16 80.83 [32m✓[39m 5283 modules transformed.
#16 82.50 rendering chunks...
#16 82.74 [33m[esbuild css minify]
#16 82.74 ▲ [WARNING] Unexpected ")" [css-syntax-error]
#16 82.74 
#16 82.74     <stdin>:2:173863:
#16 82.74       2 │ ...ͼo.cm-content::selection:where(){background-color:var(--color-z...
#16 82.74         ╵                                   ^
#16 82.74 
#16 82.74 [39m
#16 83.13 computing gzip size...
#16 83.21 [2mbuild/client/[22m[32m.assetsignore                                                         [39m[1m[2m    0.02 kB[22m[1m[22m
#16 83.21 [2mbuild/client/[22m[32m_headers                                                              [39m[1m[2m    0.10 kB[22m[1m[22m
#16 83.21 [2mbuild/client/[22m[32mwrangler.json                                                         [39m[1m[2m    0.99 kB[22m[1m[22m[2m │ gzip:   0.52 kB[22m
#16 83.21 [2mbuild/client/[22m[2massets/[22m[32mgeist-mono-cyrillic-wght-normal-BZdD_g9V.woff2                 [39m[1m[2m   12.62 kB[22m[1m[22m
#16 83.21 [2mbuild/client/[22m[2massets/[22m[32mgeist-mono-latin-ext-wght-normal-b6lpi8_2.woff2                [39m[1m[2m   13.04 kB[22m[1m[22m
#16 83.21 [2mbuild/client/[22m[2massets/[22m[32mgeist-cyrillic-wght-normal-CHSlOQsW.woff2                      [39m[1m[2m   14.69 kB[22m[1m[22m
#16 83.21 [2mbuild/client/[22m[2massets/[22m[32mgeist-latin-ext-wght-normal-DMtmJ5ZE.woff2                     [39m[1m[2m   15.31 kB[22m[1m[22m
#16 83.21 [2mbuild/client/[22m[2massets/[22m[32mgeist-latin-wght-normal-Dg_dQHbK.woff2                         [39m[1m[2m   28.40 kB[22m[1m[22m
#16 83.21 [2mbuild/client/[22m[2massets/[22m[32mgeist-mono-latin-wght-normal-Cjtb1TV-.woff2                    [39m[1m[2m   31.37 kB[22m[1m[22m
#16 83.21 [2mbuild/client/[22m[32m.vite/manifest.json                                                   [39m[1m[2m   96.18 kB[22m[1m[22m[2m │ gzip:   8.32 kB[22m
#16 83.21 [2mbuild/client/[22m[2massets/[22m[35muse-drafts-BGP8UyxO.css                                        [39m[1m[2m    1.18 kB[22m[1m[22m[2m │ gzip:   0.54 kB[22m
#16 83.21 [2mbuild/client/[22m[2massets/[22m[35mcreate-email-Byja8BOD.css                                      [39m[1m[2m    3.15 kB[22m[1m[22m[2m │ gzip:   1.09 kB[22m
#16 83.21 [2mbuild/client/[22m[2massets/[22m[35mroot-B45gAgjz.css                                              [39m[1m[2m  182.04 kB[22m[1m[22m[2m │ gzip:  29.24 kB[22m
#16 83.21 [2mbuild/client/[22m[2massets/[22m[36mindex-BdQq_4o_.js                                              [39m[1m[2m    0.06 kB[22m[1m[22m[2m │ gzip:   0.08 kB[22m
#16 83.21 [2mbuild/client/[22m[2massets/[22m[36mpage-BEvgYuZ5.js                                               [39m[1m[2m    0.11 kB[22m[1m[22m[2m │ gzip:   0.12 kB[22m
#16 83.21 [2mbuild/client/[22m[2massets/[22m[36mpage-DWmMOQ81.js                                               [39m[1m[2m    0.14 kB[22m[1m[22m[2m │ gzip:   0.15 kB[22m
#16 83.21 [2mbuild/client/[22m[2massets/[22m[36mplatform-DppQxN-j.js                                           [39m[1m[2m    0.18 kB[22m[1m[22m[2m │ gzip:   0.15 kB[22m
#16 83.21 [2mbuild/client/[22m[2massets/[22m[36mindex-C2q74K9I.js                                              [39m[1m[2m    0.18 kB[22m[1m[22m[2m │ gzip:   0.16 kB[22m
#16 83.21 [2mbuild/client/[22m[2massets/[22m[36mnot-found-Cip6w9kU.js                                          [39m[1m[2m    0.21 kB[22m[1m[22m[2m │ gzip:   0.20 kB[22m
#16 83.21 [2mbuild/client/[22m[2massets/[22m[36mindex-W4gAHHet.js                                              [39m[1m[2m    0.23 kB[22m[1m[22m[2m │ gzip:   0.17 kB[22m
#16 83.21 [2mbuild/client/[22m[2massets/[22m[36muse-stats-DBkZ8QLL.js                                          [39m[1m[2m    0.24 kB[22m[1m[22m[2m │ gzip:   0.20 kB[22m
#16 83.21 [2mbuild/client/[22m[2massets/[22m[36mconstants-xRRphfF_.js                                          [39m[1m[2m    0.27 kB[22m[1m[22m[2m │ gzip:   0.23 kB[22m
#16 83.21 [2mbuild/client/[22m[2massets/[22m[36mcheck-D0RTuo4L.js                                              [39m[1m[2m    0.30 kB[22m[1m[22m[2m │ gzip:   0.25 kB[22m
#16 83.21 [2mbuild/client/[22m[2massets/[22m[36mmoon-D3ZN-VzI.js                                               [39m[1m[2m    0.33 kB[22m[1m[22m[2m │ gzip:   0.26 kB[22m
#16 83.21 [2mbuild/client/[22m[2massets/[22m[36mloader-circle-Dsbx8Cjm.js                                      [39m[1m[2m    0.33 kB[22m[1m[22m[2m │ gzip:   0.27 kB[22m
#16 83.21 [2mbuild/client/[22m[2massets/[22m[36mlayout-DmsqeNI-.js                                             [39m[1m[2m    0.33 kB[22m[1m[22m[2m │ gzip:   0.26 kB[22m
#16 83.21 [2mbuild/client/[22m[2massets/[22m[36mplus-Cw9yUDIK.js                                               [39m[1m[2m    0.34 kB[22m[1m[22m[2m │ gzip:   0.26 kB[22m
#16 83.21 [2mbuild/client/[22m[2massets/[22m[36mx-CcMkyzvF.js                                                  [39m[1m[2m    0.34 kB[22m[1m[22m[2m │ gzip:   0.26 kB[22m
#16 83.21 [2mbuild/client/[22m[2massets/[22m[36marrow-left-BYelDXO9.js                                         [39m[1m[2m    0.35 kB[22m[1m[22m[2m │ gzip:   0.27 kB[22m
#16 83.21 [2mbuild/client/[22m[2massets/[22m[36mclock-BfZEKlEJ.js                                              [39m[1m[2m    0.36 kB[22m[1m[22m[2m │ gzip:   0.28 kB[22m
#16 83.21 [2mbuild/client/[22m[2massets/[22m[36mcommand-CGVP1NdY.js                                            [39m[1m[2m    0.37 kB[22m[1m[22m[2m │ gzip:   0.27 kB[22m
#16 83.21 [2mbuild/client/[22m[2massets/[22m[36minfo-Bl0YffYk.js                                               [39m[1m[2m    0.38 kB[22m[1m[22m[2m │ gzip:   0.29 kB[22m
#16 83.21 [2mbuild/client/[22m[2massets/[22m[36mmail-Cr4E49C_.js                                               [39m[1m[2m    0.39 kB[22m[1m[22m[2m │ gzip:   0.31 kB[22m
#16 83.21 [2mbuild/client/[22m[2massets/[22m[36mtrash-vK3_ioEj.js                                              [39m[1m[2m    0.42 kB[22m[1m[22m[2m │ gzip:   0.31 kB[22m
#16 83.21 [2mbuild/client/[22m[2massets/[22m[36mcircle-alert-BUMXZgv2.js                                       [39m[1m[2m    0.43 kB[22m[1m[22m[2m │ gzip:   0.30 kB[22m
#16 83.21 [2mbuild/client/[22m[2massets/[22m[36mskeleton-DGfxpKRh.js                                           [39m[1m[2m    0.43 kB[22m[1m[22m[2m │ gzip:   0.31 kB[22m
#16 83.21 [2mbuild/client/[22m[2massets/[22m[36mindex-CyMaW7wk.js                                              [39m[1m[2m    0.44 kB[22m[1m[22m[2m │ gzip:   0.33 kB[22m
#16 83.21 [2mbuild/client/[22m[2massets/[22m[36mtriangle-alert-ssWPr59W.js                                     [39m[1m[2m    0.45 kB[22m[1m[22m[2m │ gzip:   0.32 kB[22m
#16 83.21 [2mbuild/client/[22m[2massets/[22m[36muse-settings-PJaZTouT.js                                       [39m[1m[2m    0.47 kB[22m[1m[22m[2m │ gzip:   0.32 kB[22m
#16 83.21 [2mbuild/client/[22m[2massets/[22m[36mpage-CsgkpRyM.js                                               [39m[1m[2m    0.53 kB[22m[1m[22m[2m │ gzip:   0.36 kB[22m
#16 83.21 [2mbuild/client/[22m[2massets/[22m[36mtrash-2-BOtr7gRz.js                                            [39m[1m[2m    0.54 kB[22m[1m[22m[2m │ gzip:   0.36 kB[22m
#16 83.21 [2mbuild/client/[22m[2massets/[22m[36mindex-BXPBv4av.js                                              [39m[1m[2m    0.54 kB[22m[1m[22m[2m │ gzip:   0.34 kB[22m
#16 83.21 [2mbuild/client/[22m[2massets/[22m[36mcompiler-runtime-DRjEjBl3.js                                   [39m[1m[2m    0.56 kB[22m[1m[22m[2m │ gzip:   0.40 kB[22m
#16 83.21 [2mbuild/client/[22m[2massets/[22m[36mgithub-BY2wizBc.js                                             [39m[1m[2m    0.59 kB[22m[1m[22m[2m │ gzip:   0.41 kB[22m
#16 83.21 [2mbuild/client/[22m[2massets/[22m[36muse-connections-peY3h6b8.js                                    [39m[1m[2m    0.59 kB[22m[1m[22m[2m │ gzip:   0.32 kB[22m
#16 83.21 [2mbuild/client/[22m[2massets/[22m[36mstar-CK9c2S0m.js                                               [39m[1m[2m    0.66 kB[22m[1m[22m[2m │ gzip:   0.41 kB[22m
#16 83.21 [2mbuild/client/[22m[2massets/[22m[36msidebar-toggle-Bm6ck0pY.js                                     [39m[1m[2m    0.66 kB[22m[1m[22m[2m │ gzip:   0.44 kB[22m
#16 83.21 [2mbuild/client/[22m[2massets/[22m[36mauth-proxy-BfgmkDN7.js                                         [39m[1m[2m    0.67 kB[22m[1m[22m[2m │ gzip:   0.45 kB[22m
#16 83.21 [2mbuild/client/[22m[2massets/[22m[36mnavigation_settings_categories-EXL81Z9a.js                     [39m[1m[2m    0.70 kB[22m[1m[22m[2m │ gzip:   0.47 kB[22m
#16 83.21 [2mbuild/client/[22m[2massets/[22m[36mjsx-runtime-D_zvdyIk.js                                        [39m[1m[2m    0.73 kB[22m[1m[22m[2m │ gzip:   0.46 kB[22m
#16 83.21 [2mbuild/client/[22m[2massets/[22m[36musers-BpBe7nmu.js                                              [39m[1m[2m    0.78 kB[22m[1m[22m[2m │ gzip:   0.40 kB[22m
#16 83.21 [2mbuild/client/[22m[2massets/[22m[36mcommon_actions_saving-DNoGOKFW.js                              [39m[1m[2m    0.83 kB[22m[1m[22m[2m │ gzip:   0.55 kB[22m
#16 83.21 [2mbuild/client/[22m[2massets/[22m[36muse-copy-to-clipboard-6GkKA9bw.js                              [39m[1m[2m    0.89 kB[22m[1m[22m[2m │ gzip:   0.58 kB[22m
#16 83.21 [2mbuild/client/[22m[2massets/[22m[36mlabel-CEs5DnCY.js                                              [39m[1m[2m    0.91 kB[22m[1m[22m[2m │ gzip:   0.56 kB[22m
#16 83.21 [2mbuild/client/[22m[2massets/[22m[36muse-categories-zN4SFxgC.js                                     [39m[1m[2m    0.92 kB[22m[1m[22m[2m │ gzip:   0.51 kB[22m
#16 83.21 [2mbuild/client/[22m[2massets/[22m[36mcommon_actions_savechanges1-C5IM0Kdt.js                        [39m[1m[2m    0.94 kB[22m[1m[22m[2m │ gzip:   0.67 kB[22m
#16 83.21 [2mbuild/client/[22m[2massets/[22m[36minput-LYWqp8hn.js                                              [39m[1m[2m    0.94 kB[22m[1m[22m[2m │ gzip:   0.56 kB[22m
#16 83.21 [2mbuild/client/[22m[2massets/[22m[36mpage-BTRhq7Zh.js                                               [39m[1m[2m    1.14 kB[22m[1m[22m[2m │ gzip:   0.60 kB[22m
#16 83.21 [2mbuild/client/[22m[2massets/[22m[36mseparator-CgR2nHfC.js                                          [39m[1m[2m    1.15 kB[22m[1m[22m[2m │ gzip:   0.65 kB[22m
#16 83.21 [2mbuild/client/[22m[2massets/[22m[36mauth-client-CWewlI1S.js                                        [39m[1m[2m    1.15 kB[22m[1m[22m[2m │ gzip:   0.72 kB[22m
#16 83.21 [2mbuild/client/[22m[2massets/[22m[36mswitch-C1J5nTZ-.js                                             [39m[1m[2m    1.28 kB[22m[1m[22m[2m │ gzip:   0.71 kB[22m
#16 83.21 [2mbuild/client/[22m[2massets/[22m[36mbadge-BREVvTfi.js                                              [39m[1m[2m    1.29 kB[22m[1m[22m[2m │ gzip:   0.65 kB[22m
#16 83.21 [2mbuild/client/[22m[2massets/[22m[36mruntime-w4or-nQ5.js                                            [39m[1m[2m    1.31 kB[22m[1m[22m[2m │ gzip:   0.76 kB[22m
#16 83.21 [2mbuild/client/[22m[2massets/[22m[36mpage-BCJDfBfJ.js                                               [39m[1m[2m    1.35 kB[22m[1m[22m[2m │ gzip:   0.72 kB[22m
#16 83.21 [2mbuild/client/[22m[2massets/[22m[36msettings-card-BLQO1yNF.js                                      [39m[1m[2m    1.35 kB[22m[1m[22m[2m │ gzip:   0.77 kB[22m
#16 83.21 [2mbuild/client/[22m[2massets/[22m[36mcreateLucideIcon-DDIT6NXn.js                                   [39m[1m[2m    1.58 kB[22m[1m[22m[2m │ gzip:   0.66 kB[22m
#16 83.21 [2mbuild/client/[22m[2massets/[22m[36mindex-alwNJvwB.js                                              [39m[1m[2m    1.58 kB[22m[1m[22m[2m │ gzip:   0.82 kB[22m
#16 83.21 [2mbuild/client/[22m[2massets/[22m[36muse-labels-CF5Ms94P.js                                         [39m[1m[2m    1.61 kB[22m[1m[22m[2m │ gzip:   0.85 kB[22m
#16 83.21 [2mbuild/client/[22m[2massets/[22m[36mzod-CVu97i5-.js                                                [39m[1m[2m    1.63 kB[22m[1m[22m[2m │ gzip:   0.81 kB[22m
#16 83.21 [2mbuild/client/[22m[2massets/[22m[36mschemas-ZEJvKNO6.js                                            [39m[1m[2m    1.88 kB[22m[1m[22m[2m │ gzip:   0.89 kB[22m
#16 83.21 [2mbuild/client/[22m[2massets/[22m[36mpage-K8C67OHZ.js                                               [39m[1m[2m    1.90 kB[22m[1m[22m[2m │ gzip:   1.04 kB[22m
#16 83.21 [2mbuild/client/[22m[2massets/[22m[36mpage-wlWPrVR6.js                                               [39m[1m[2m    1.95 kB[22m[1m[22m[2m │ gzip:   1.04 kB[22m
#16 83.21 [2mbuild/client/[22m[2massets/[22m[36mloading-context-BdW1AI8i.js                                    [39m[1m[2m    2.06 kB[22m[1m[22m[2m │ gzip:   1.09 kB[22m
#16 83.21 [2mbuild/client/[22m[2massets/[22m[36mcommon_settings_failedtosave2-BDpLCChw.js                      [39m[1m[2m    2.14 kB[22m[1m[22m[2m │ gzip:   1.16 kB[22m
#16 83.21 [2mbuild/client/[22m[2massets/[22m[36mcard-DoWx6gP0.js                                               [39m[1m[2m    2.33 kB[22m[1m[22m[2m │ gzip:   0.56 kB[22m
#16 83.21 [2mbuild/client/[22m[2massets/[22m[36mbutton-Cmk-woF7.js                                             [39m[1m[2m    2.37 kB[22m[1m[22m[2m │ gzip:   1.17 kB[22m
#16 83.21 [2mbuild/client/[22m[2massets/[22m[36msun-C1y0dSRq.js                                                [39m[1m[2m    2.44 kB[22m[1m[22m[2m │ gzip:   1.34 kB[22m
#16 83.21 [2mbuild/client/[22m[2massets/[22m[36mlayout-Gxg1L6FU.js                                             [39m[1m[2m    2.76 kB[22m[1m[22m[2m │ gzip:   1.29 kB[22m
#16 83.21 [2mbuild/client/[22m[2massets/[22m[36museMutation-QBf19qyU.js                                        [39m[1m[2m    2.96 kB[22m[1m[22m[2m │ gzip:   1.25 kB[22m
#16 83.21 [2mbuild/client/[22m[2massets/[22m[36mpage-EBUaql1c.js                                               [39m[1m[2m    3.08 kB[22m[1m[22m[2m │ gzip:   1.39 kB[22m
#16 83.21 [2mbuild/client/[22m[2massets/[22m[36mpricing-switch-Dr1soA9U.js                                     [39m[1m[2m    3.09 kB[22m[1m[22m[2m │ gzip:   1.53 kB[22m
#16 83.21 [2mbuild/client/[22m[2massets/[22m[36mindex-DrPVNKL0.js                                              [39m[1m[2m    3.28 kB[22m[1m[22m[2m │ gzip:   1.49 kB[22m
#16 83.21 [2mbuild/client/[22m[2massets/[22m[36mdialog-CnjkF6YZ.js                                             [39m[1m[2m    3.29 kB[22m[1m[22m[2m │ gzip:   1.26 kB[22m
#16 83.21 [2mbuild/client/[22m[2massets/[22m[36mpage-FgTq7LBD.js                                               [39m[1m[2m    3.38 kB[22m[1m[22m[2m │ gzip:   1.65 kB[22m
#16 83.21 [2mbuild/client/[22m[2massets/[22m[36mmailto-handler-c5ah2_ma.js                                     [39m[1m[2m    3.39 kB[22m[1m[22m[2m │ gzip:   1.51 kB[22m
#16 83.21 [2mbuild/client/[22m[2massets/[22m[36mform-DZBnZydI.js                                               [39m[1m[2m    3.53 kB[22m[1m[22m[2m │ gzip:   1.47 kB[22m
#16 83.21 [2mbuild/client/[22m[2massets/[22m[36msheet-BAAyTvgy.js                                              [39m[1m[2m    3.54 kB[22m[1m[22m[2m │ gzip:   1.39 kB[22m
#16 83.21 [2mbuild/client/[22m[2massets/[22m[36mpage-CpHfsazK.js                                               [39m[1m[2m    3.62 kB[22m[1m[22m[2m │ gzip:   1.64 kB[22m
#16 83.21 [2mbuild/client/[22m[2massets/[22m[36mindex-BUzmqBuF.js                                              [39m[1m[2m    3.62 kB[22m[1m[22m[2m │ gzip:   1.64 kB[22m
#16 83.21 [2mbuild/client/[22m[2massets/[22m[36mpages_error_notfound_goback2-kOsKw30N.js                       [39m[1m[2m    3.66 kB[22m[1m[22m[2m │ gzip:   2.14 kB[22m
#16 83.21 [2mbuild/client/[22m[2massets/[22m[36mpage-CVYqNrTL.js                                               [39m[1m[2m    3.76 kB[22m[1m[22m[2m │ gzip:   1.82 kB[22m
#16 83.21 [2mbuild/client/[22m[2massets/[22m[36mpage-BbWocL9N.js                                               [39m[1m[2m    3.76 kB[22m[1m[22m[2m │ gzip:   1.63 kB[22m
#16 83.21 [2mbuild/client/[22m[2massets/[22m[36mindex-ByG8FZtr.js                                              [39m[1m[2m    3.94 kB[22m[1m[22m[2m │ gzip:   1.54 kB[22m
#16 83.21 [2mbuild/client/[22m[2massets/[22m[36mtabs-DUOaf7V-.js                                               [39m[1m[2m    4.04 kB[22m[1m[22m[2m │ gzip:   1.55 kB[22m
#16 83.21 [2mbuild/client/[22m[2massets/[22m[36mavatar-Cu5UnYgI.js                                             [39m[1m[2m    4.05 kB[22m[1m[22m[2m │ gzip:   1.70 kB[22m
#16 83.21 [2mbuild/client/[22m[2massets/[22m[36madd-DnwbaIDb.js                                                [39m[1m[2m    4.06 kB[22m[1m[22m[2m │ gzip:   1.99 kB[22m
#16 83.21 [2mbuild/client/[22m[2massets/[22m[36mpage-z_VDk0aI.js                                               [39m[1m[2m    4.08 kB[22m[1m[22m[2m │ gzip:   1.99 kB[22m
#16 83.21 [2mbuild/client/[22m[2massets/[22m[36mpage-CQgCLqPu.js                                               [39m[1m[2m    4.46 kB[22m[1m[22m[2m │ gzip:   2.09 kB[22m
#16 83.21 [2mbuild/client/[22m[2massets/[22m[36mchunk-YOMNTOJZ-B_GCrQue.js                                     [39m[1m[2m    4.48 kB[22m[1m[22m[2m │ gzip:   1.60 kB[22m
#16 83.21 [2mbuild/client/[22m[2massets/[22m[36mlayout-DX8-6k60.js                                             [39m[1m[2m    4.86 kB[22m[1m[22m[2m │ gzip:   2.18 kB[22m
#16 83.21 [2mbuild/client/[22m[2massets/[22m[36muse-threads-BmQA41E-.js                                        [39m[1m[2m    5.05 kB[22m[1m[22m[2m │ gzip:   2.25 kB[22m
#16 83.21 [2mbuild/client/[22m[2massets/[22m[36muse-billing-DsOpTcCi.js                                        [39m[1m[2m    5.17 kB[22m[1m[22m[2m │ gzip:   2.02 kB[22m
#16 83.21 [2mbuild/client/[22m[2massets/[22m[36mpage-Bl83BkGb.js                                               [39m[1m[2m    5.28 kB[22m[1m[22m[2m │ gzip:   2.40 kB[22m
#16 83.21 [2mbuild/client/[22m[2massets/[22m[36mcreate-email-wNl-tEDb.js                                       [39m[1m[2m    5.53 kB[22m[1m[22m[2m │ gzip:   2.33 kB[22m
#16 83.21 [2mbuild/client/[22m[2massets/[22m[36mkeyboard-layout-map-DtsrfNzI.js                                [39m[1m[2m    5.63 kB[22m[1m[22m[2m │ gzip:   2.12 kB[22m
#16 83.21 [2mbuild/client/[22m[2massets/[22m[36mlabel-dialog-8fSPFoNz.js                                       [39m[1m[2m    5.67 kB[22m[1m[22m[2m │ gzip:   2.67 kB[22m
#16 83.21 [2mbuild/client/[22m[2massets/[22m[36mindex-mYvkd_hs.js                                              [39m[1m[2m    5.84 kB[22m[1m[22m[2m │ gzip:   2.22 kB[22m
#16 83.21 [2mbuild/client/[22m[2massets/[22m[36mabout-DZ7UT9hp.js                                              [39m[1m[2m    6.04 kB[22m[1m[22m[2m │ gzip:   2.54 kB[22m
#16 83.21 [2mbuild/client/[22m[2massets/[22m[36mpopover-Bfj9YikO.js                                            [39m[1m[2m    6.10 kB[22m[1m[22m[2m │ gzip:   2.30 kB[22m
#16 83.21 [2mbuild/client/[22m[2massets/[22m[36mpage-7YtjKUmS.js                                               [39m[1m[2m    6.12 kB[22m[1m[22m[2m │ gzip:   2.67 kB[22m
#16 83.21 [2mbuild/client/[22m[2massets/[22m[36mpage-hmv4xC9h.js                                               [39m[1m[2m    6.23 kB[22m[1m[22m[2m │ gzip:   2.45 kB[22m
#16 83.21 [2mbuild/client/[22m[2massets/[22m[36mpage-C3gZy-4e.js                                               [39m[1m[2m    6.77 kB[22m[1m[22m[2m │ gzip:   2.93 kB[22m
#16 83.21 [2mbuild/client/[22m[2massets/[22m[36muse-hotkey-utils-gSPIoIYy.js                                   [39m[1m[2m    6.93 kB[22m[1m[22m[2m │ gzip:   2.32 kB[22m
#16 83.21 [2mbuild/client/[22m[2massets/[22m[36mindex-8Sxq29p-.js                                              [39m[1m[2m    7.08 kB[22m[1m[22m[2m │ gzip:   2.63 kB[22m
#16 83.21 [2mbuild/client/[22m[2massets/[22m[36mterms-r8RV672g.js                                              [39m[1m[2m    7.12 kB[22m[1m[22m[2m │ gzip:   2.57 kB[22m
#16 83.21 [2mbuild/client/[22m[2massets/[22m[36mpage--KIVm6_C.js                                               [39m[1m[2m    7.19 kB[22m[1m[22m[2m │ gzip:   2.92 kB[22m
#16 83.21 [2mbuild/client/[22m[2massets/[22m[36mindex-No7jJ3Ll.js                                              [39m[1m[2m    7.35 kB[22m[1m[22m[2m │ gzip:   2.77 kB[22m
#16 83.21 [2mbuild/client/[22m[2massets/[22m[36mhotkey-provider-wrapper-Bl15L3bT.js                            [39m[1m[2m    7.55 kB[22m[1m[22m[2m │ gzip:   2.83 kB[22m
#16 83.21 [2mbuild/client/[22m[2massets/[22m[36mreact-CicuQIwM.js                                              [39m[1m[2m    8.47 kB[22m[1m[22m[2m │ gzip:   3.63 kB[22m
#16 83.21 [2mbuild/client/[22m[2massets/[22m[36mindex-CTzypqlY.js                                              [39m[1m[2m    8.53 kB[22m[1m[22m[2m │ gzip:   3.33 kB[22m
#16 83.21 [2mbuild/client/[22m[2massets/[22m[36mdebounce-DQLIGmU8-sPKAcFeR.js                                  [39m[1m[2m    8.70 kB[22m[1m[22m[2m │ gzip:   3.45 kB[22m
#16 83.21 [2mbuild/client/[22m[2massets/[22m[36mpages_settings_security_deleteaccount1-B1W3hwpU.js             [39m[1m[2m    8.84 kB[22m[1m[22m[2m │ gzip:   4.25 kB[22m
#16 83.21 [2mbuild/client/[22m[2massets/[22m[36mpricing-dialog-BSHHnfT8.js                                     [39m[1m[2m    9.23 kB[22m[1m[22m[2m │ gzip:   2.67 kB[22m
#16 83.21 [2mbuild/client/[22m[2massets/[22m[36mpages_settings_privacy_trustedsendersdescription2-B1H1tSfI.js  [39m[1m[2m    9.44 kB[22m[1m[22m[2m │ gzip:   4.47 kB[22m
#16 83.21 [2mbuild/client/[22m[2massets/[22m[36mpages_settings_dangerzone_error1-_yiuqzu9.js                   [39m[1m[2m    9.70 kB[22m[1m[22m[2m │ gzip:   4.46 kB[22m
#16 83.21 [2mbuild/client/[22m[2massets/[22m[36mtooltip-BiPi4qJn.js                                            [39m[1m[2m    9.72 kB[22m[1m[22m[2m │ gzip:   3.69 kB[22m
#16 83.21 [2mbuild/client/[22m[2massets/[22m[36museQuery-BLP7uxLc.js                                           [39m[1m[2m   10.28 kB[22m[1m[22m[2m │ gzip:   3.64 kB[22m
#16 83.21 [2mbuild/client/[22m[2massets/[22m[36mfooter-DUKiv9ar.js                                             [39m[1m[2m   10.30 kB[22m[1m[22m[2m │ gzip:   2.61 kB[22m
#16 83.21 [2mbuild/client/[22m[2massets/[22m[36mhr-CY0dlm6G.js                                                 [39m[1m[2m   10.32 kB[22m[1m[22m[2m │ gzip:   3.82 kB[22m
#16 83.21 [2mbuild/client/[22m[2massets/[22m[36mpage-D4hKvSaU.js                                               [39m[1m[2m   11.64 kB[22m[1m[22m[2m │ gzip:   4.74 kB[22m
#16 83.21 [2mbuild/client/[22m[2massets/[22m[36mpage-DLvdv3uI.js                                               [39m[1m[2m   12.54 kB[22m[1m[22m[2m │ gzip:   4.68 kB[22m
#16 83.21 [2mbuild/client/[22m[2massets/[22m[36mpage-BKtcNTHr.js                                               [39m[1m[2m   12.69 kB[22m[1m[22m[2m │ gzip:   5.33 kB[22m
#16 83.21 [2mbuild/client/[22m[2massets/[22m[36mscroll-area-C4RbMTIX.js                                        [39m[1m[2m   13.67 kB[22m[1m[22m[2m │ gzip:   4.43 kB[22m
#16 83.21 [2mbuild/client/[22m[2massets/[22m[36mIsRestoringProvider-D9bT2dun.js                                [39m[1m[2m   14.63 kB[22m[1m[22m[2m │ gzip:   5.16 kB[22m
#16 83.21 [2mbuild/client/[22m[2massets/[22m[36mpages_settings_connections_disconnected-DqVsy0SG.js            [39m[1m[2m   15.29 kB[22m[1m[22m[2m │ gzip:   6.14 kB[22m
#16 83.21 [2mbuild/client/[22m[2massets/[22m[36mpages_settings_labels_description-rlxZxmv3.js                  [39m[1m[2m   15.67 kB[22m[1m[22m[2m │ gzip:   5.81 kB[22m
#16 83.21 [2mbuild/client/[22m[2massets/[22m[36mbetter-auth.Dj5-80xo-Doo7IZl9.js                               [39m[1m[2m   17.35 kB[22m[1m[22m[2m │ gzip:   6.59 kB[22m
#16 83.21 [2mbuild/client/[22m[2massets/[22m[36mlayout-Y-0HmEJ9.js                                             [39m[1m[2m   18.85 kB[22m[1m[22m[2m │ gzip:   7.92 kB[22m
#16 83.21 [2mbuild/client/[22m[2massets/[22m[36mprivacy-BgTurGYP.js                                            [39m[1m[2m   18.97 kB[22m[1m[22m[2m │ gzip:   5.63 kB[22m
#16 83.21 [2mbuild/client/[22m[2massets/[22m[36mroot-DlyT6khT.js                                               [39m[1m[2m   20.37 kB[22m[1m[22m[2m │ gzip:   7.76 kB[22m
#16 83.21 [2mbuild/client/[22m[2massets/[22m[36msidebar-BacgWPEk.js                                            [39m[1m[2m   20.90 kB[22m[1m[22m[2m │ gzip:   5.50 kB[22m
#16 83.21 [2mbuild/client/[22m[2massets/[22m[36mpages_settings_general_animationsdescription1-D37qe2bp.js      [39m[1m[2m   22.85 kB[22m[1m[22m[2m │ gzip:   9.77 kB[22m
#16 83.21 [2mbuild/client/[22m[2massets/[22m[36mselect-C6kB5OID.js                                             [39m[1m[2m   23.86 kB[22m[1m[22m[2m │ gzip:   8.20 kB[22m
#16 83.21 [2mbuild/client/[22m[2massets/[22m[36mindex-C680ov9w.js                                              [39m[1m[2m   24.03 kB[22m[1m[22m[2m │ gzip:   8.70 kB[22m
#16 83.21 [2mbuild/client/[22m[2massets/[22m[36mdropdown-menu-HJADlQOw.js                                      [39m[1m[2m   24.32 kB[22m[1m[22m[2m │ gzip:   7.11 kB[22m
#16 83.21 [2mbuild/client/[22m[2massets/[22m[36mindex.esm-1GetBd9r.js                                          [39m[1m[2m   24.60 kB[22m[1m[22m[2m │ gzip:   9.30 kB[22m
#16 83.21 [2mbuild/client/[22m[2massets/[22m[36mindex-BNUgFNz2.js                                              [39m[1m[2m   26.83 kB[22m[1m[22m[2m │ gzip:  10.32 kB[22m
#16 83.21 [2mbuild/client/[22m[2massets/[22m[36mnavigation-Cu6LHsEy.js                                         [39m[1m[2m   28.49 kB[22m[1m[22m[2m │ gzip:   9.58 kB[22m
#16 83.21 [2mbuild/client/[22m[2massets/[22m[36mexports-DvPbF_jd.js                                            [39m[1m[2m   31.08 kB[22m[1m[22m[2m │ gzip:  10.81 kB[22m
#16 83.21 [2mbuild/client/[22m[2massets/[22m[36memail-utils-qqHUJ-FG.js                                        [39m[1m[2m   31.95 kB[22m[1m[22m[2m │ gzip:  11.96 kB[22m
#16 83.21 [2mbuild/client/[22m[2massets/[22m[36mpricing-DUikQmhS.js                                            [39m[1m[2m   33.42 kB[22m[1m[22m[2m │ gzip:   6.30 kB[22m
#16 83.21 [2mbuild/client/[22m[2massets/[22m[36mindex-BZVxpMu3.js                                              [39m[1m[2m   33.75 kB[22m[1m[22m[2m │ gzip:   9.53 kB[22m
#16 83.21 [2mbuild/client/[22m[2massets/[22m[36mcalendar-D82OafCt.js                                           [39m[1m[2m   39.96 kB[22m[1m[22m[2m │ gzip:  12.62 kB[22m
#16 83.21 [2mbuild/client/[22m[2massets/[22m[36msortable.esm-Br29Arbt.js                                       [39m[1m[2m   50.69 kB[22m[1m[22m[2m │ gzip:  16.86 kB[22m
#16 83.21 [2mbuild/client/[22m[2massets/[22m[36mapp-sidebar-BxQvP4ZR.js                                        [39m[1m[2m   52.77 kB[22m[1m[22m[2m │ gzip:  15.69 kB[22m
#16 83.21 [2mbuild/client/[22m[2massets/[22m[36mtypes-Du1GyWzq.js                                              [39m[1m[2m   53.30 kB[22m[1m[22m[2m │ gzip:  12.21 kB[22m
#16 83.21 [2mbuild/client/[22m[2massets/[22m[36mutils-C14Tz43x.js                                              [39m[1m[2m   64.29 kB[22m[1m[22m[2m │ gzip:  20.17 kB[22m
#16 83.21 [2mbuild/client/[22m[2massets/[22m[36mquery-provider-D5qMrh5_.js                                     [39m[1m[2m   65.77 kB[22m[1m[22m[2m │ gzip:  19.50 kB[22m
#16 83.21 [2mbuild/client/[22m[2massets/[22m[36mHomeContent-Dy1mKitH.js                                        [39m[1m[2m   71.05 kB[22m[1m[22m[2m │ gzip:  13.54 kB[22m
#16 83.21 [2mbuild/client/[22m[2massets/[22m[36micons-DDsEBbOb.js                                              [39m[1m[2m   75.41 kB[22m[1m[22m[2m │ gzip:  20.11 kB[22m
#16 83.21 [2mbuild/client/[22m[2massets/[22m[36mcommand-palette-context-CP4vNpU3.js                            [39m[1m[2m   84.59 kB[22m[1m[22m[2m │ gzip:  25.18 kB[22m
#16 83.21 [2mbuild/client/[22m[2massets/[22m[36mjszip.min-C99t_7oS.js                                          [39m[1m[2m   97.01 kB[22m[1m[22m[2m │ gzip:  30.07 kB[22m
#16 83.21 [2mbuild/client/[22m[2massets/[22m[36mchunk-QMGIS6GS-BLMJJtuZ.js                                     [39m[1m[2m  109.27 kB[22m[1m[22m[2m │ gzip:  36.94 kB[22m
#16 83.21 [2mbuild/client/[22m[2massets/[22m[36mproxy-l8oiOl53.js                                              [39m[1m[2m  112.74 kB[22m[1m[22m[2m │ gzip:  37.12 kB[22m
#16 83.21 [2mbuild/client/[22m[2massets/[22m[36mpage-BSFupnW9.js                                               [39m[1m[2m  113.92 kB[22m[1m[22m[2m │ gzip:  31.45 kB[22m
#16 83.21 [2mbuild/client/[22m[2massets/[22m[36mpixelated-bg-CdfVY5tp.js                                       [39m[1m[2m  121.84 kB[22m[1m[22m[2m │ gzip:  62.13 kB[22m
#16 83.21 [2mbuild/client/[22m[2massets/[22m[36mmodule-aZ3AJcUE.js                                             [39m[1m[2m  171.27 kB[22m[1m[22m[2m │ gzip:  57.73 kB[22m
#16 83.21 [2mbuild/client/[22m[2massets/[22m[36mentry.client-s3_Jrlf-.js                                       [39m[1m[2m  356.87 kB[22m[1m[22m[2m │ gzip: 115.34 kB[22m
#16 83.21 [2mbuild/client/[22m[2massets/[22m[36mcontributors-blrAbAJp.js                                       [39m[1m[2m  418.46 kB[22m[1m[22m[2m │ gzip: 114.23 kB[22m
#16 83.21 [2mbuild/client/[22m[2massets/[22m[36m_index-C4MET7MR.js                                             [39m[1m[2m  472.82 kB[22m[1m[22m[2m │ gzip: 158.50 kB[22m
#16 83.21 [2mbuild/client/[22m[2massets/[22m[36mai-sidebar-CPcFPNZf.js                                         [39m[1m[33m  878.36 kB[39m[22m[2m │ gzip: 254.42 kB[22m
#16 83.21 [2mbuild/client/[22m[2massets/[22m[36muse-drafts-BunVlHT7.js                                         [39m[1m[33m1,408.94 kB[39m[22m[2m │ gzip: 369.57 kB[22m
#16 83.21 [33m
#16 83.21 (!) Some chunks are larger than 500 kB after minification. Consider:
#16 83.21 - Using dynamic import() to code-split the application
#16 83.21 - Use build.rollupOptions.output.manualChunks to improve chunking: https://rollupjs.org/configuration-options/#output-manualchunks
#16 83.21 - Adjust chunk size limit for this warning via build.chunkSizeWarningLimit.[39m
#16 83.21 [32m✓ built in 1m 11s[39m
#16 83.21 [36mvite v6.3.5 [32mbuilding SSR bundle for production...[36m[39m
#16 89.72 [success] [paraglide-js] Compilation complete (message-modules)
#16 89.73 transforming...
#16 92.58 
#16 92.58   [38;2;244;191;117;1m⚠[0m [38;2;244;191;117;1meslint(no-unused-vars): Identifier 'm' is imported but never used.[0m
#16 92.58     ╭─[[38;2;92;157;255;1mcomponents/ui/nav-main.tsx[0m:12:10]
#16 92.58  [2m11[0m │ import { Link, useLocation } from 'react-router';
#16 92.58  [2m12[0m │ import { m } from '../../paraglide/messages.js';
#16 92.58     · [38;2;246;87;248m         ┬[0m
#16 92.58     ·          [38;2;246;87;248m╰── [38;2;246;87;248m'm' is imported here[0m[0m
#16 92.58  [2m13[0m │ import { Button } from '@/components/ui/button';
#16 92.58     ╰────
#16 92.58 [38;2;106;159;181m  help: [0mConsider removing this import.
#16 92.58 
#16 92.58   [38;2;244;191;117;1m⚠[0m [38;2;244;191;117;1meslint(no-unused-vars): Identifier 'useMemo' is imported but never used.[0m
#16 92.58     ╭─[[38;2;92;157;255;1mcomponents/create/create-email.tsx[0m:14:21]
#16 92.58  [2m13[0m │ import { useDraft } from '@/hooks/use-drafts';
#16 92.58  [2m14[0m │ import { useEffect, useMemo, useState } from 'react';
#16 92.58     · [38;2;246;87;248m                    ───┬───[0m
#16 92.58     ·                        [38;2;246;87;248m╰── [38;2;246;87;248m'useMemo' is imported here[0m[0m
#16 92.58  [2m15[0m │ 
#16 92.58     ╰────
#16 92.58 [38;2;106;159;181m  help: [0mConsider removing this import.
#16 92.58 
#16 92.58   [38;2;244;191;117;1m⚠[0m [38;2;244;191;117;1meslint(no-constant-condition): Unexpected constant condition[0m
#16 92.58      ╭─[[38;2;92;157;255;1mcomponents/create/ai-chat.tsx[0m:264:12]
#16 92.58  [2m263[0m │         <div className="min-h-full px-2 py-4">
#16 92.58  [2m264[0m │           {false ? (
#16 92.58      · [38;2;246;87;248m           ─────[0m
#16 92.58  [2m265[0m │             <div
#16 92.58      ╰────
#16 92.58 [38;2;106;159;181m  help: [0mConstant expression as a test condition is not allowed
#16 92.58 
#16 92.58   [38;2;244;191;117;1m⚠[0m [38;2;244;191;117;1meslint(no-unused-vars): Variable 'chatMessages' is declared but never used. Unused variables should start with a '_'.[0m
#16 92.58      ╭─[[38;2;92;157;255;1mcomponents/create/ai-chat.tsx[0m:207:11]
#16 92.58  [2m206[0m │   const messagesContainerRef = useRef<HTMLDivElement>(null);
#16 92.58  [2m207[0m │   const { chatMessages } = useBilling();
#16 92.58      · [38;2;246;87;248m          ──────┬─────[0m
#16 92.58      ·                 [38;2;246;87;248m╰── [38;2;246;87;248m'chatMessages' is declared here[0m[0m
#16 92.58  [2m208[0m │   const { isFullScreen } = useAIFullScreen();
#16 92.58      ╰────
#16 92.58 [38;2;106;159;181m  help: [0mConsider removing this declaration.
#16 92.58 
#16 92.58 Found 4 warnings and 0 errors.
#16 92.58 Finished in 698ms on 255 files using 10 threads.
#16 92.58 
#16 92.58 Oxlint successfully finished.
#16 114.9 [33mcomponents/ui/recipient-autosuggest.tsx (1:0): Error when using sourcemap for reporting an error: Can't resolve original location of error.[39m
#16 121.2 [32m✓[39m 734 modules transformed.
#16 121.5 [33m[esbuild css minify]
#16 121.5 ▲ [WARNING] Unexpected ")" [css-syntax-error]
#16 121.5 
#16 121.5     <stdin>:2:173863:
#16 121.5       2 │ ...ͼo.cm-content::selection:where(){background-color:var(--color-z...
#16 121.5         ╵                                   ^
#16 121.5 
#16 121.5 [39m
#16 121.9 rendering chunks...
#16 121.9 [2mbuild/server/[22m[32m.vite/manifest.json                                     [39m[1m[2m    2.88 kB[22m[1m[22m
#16 121.9 [2mbuild/server/[22m[2massets/[22m[32mgeist-mono-cyrillic-wght-normal-BZdD_g9V.woff2   [39m[1m[2m   12.62 kB[22m[1m[22m
#16 121.9 [2mbuild/server/[22m[2massets/[22m[32mgeist-mono-latin-ext-wght-normal-b6lpi8_2.woff2  [39m[1m[2m   13.04 kB[22m[1m[22m
#16 121.9 [2mbuild/server/[22m[2massets/[22m[32mgeist-cyrillic-wght-normal-CHSlOQsW.woff2        [39m[1m[2m   14.69 kB[22m[1m[22m
#16 121.9 [2mbuild/server/[22m[2massets/[22m[32mgeist-latin-ext-wght-normal-DMtmJ5ZE.woff2       [39m[1m[2m   15.31 kB[22m[1m[22m
#16 121.9 [2mbuild/server/[22m[2massets/[22m[32mgeist-latin-wght-normal-Dg_dQHbK.woff2           [39m[1m[2m   28.40 kB[22m[1m[22m
#16 121.9 [2mbuild/server/[22m[2massets/[22m[32mgeist-mono-latin-wght-normal-Cjtb1TV-.woff2      [39m[1m[2m   31.37 kB[22m[1m[22m
#16 121.9 [2mbuild/server/[22m[2massets/[22m[35mserver-build-BY7p_4D6.css                        [39m[1m[2m  186.37 kB[22m[1m[22m
#16 121.9 [2mbuild/server/[22m[36mindex.js                                                [39m[1m[33m3,957.23 kB[39m[22m
#16 121.9 
#16 121.9 [32m✓[39m 7 assets cleaned from React Router server build.
#16 121.9 [2mbuild/client/assets/geist-cyrillic-wght-normal-CHSlOQsW.woff2[22m
#16 121.9 [2mbuild/client/assets/geist-latin-ext-wght-normal-DMtmJ5ZE.woff2[22m
#16 121.9 [2mbuild/client/assets/geist-latin-wght-normal-Dg_dQHbK.woff2[22m
#16 121.9 [2mbuild/client/assets/geist-mono-cyrillic-wght-normal-BZdD_g9V.woff2[22m
#16 121.9 [2mbuild/client/assets/geist-mono-latin-ext-wght-normal-b6lpi8_2.woff2[22m
#16 121.9 [2mbuild/client/assets/geist-mono-latin-wght-normal-Cjtb1TV-.woff2[22m
#16 121.9 [2mbuild/server/assets/server-build-BY7p_4D6.css[22m
#16 121.9 
#16 125.4 Prerender (html): /manifest.webmanifest -> [1mbuild/client/manifest.webmanifest/index.html[22m
#16 125.4 Prerender (html): SPA Fallback -> [1mbuild/client/index.html[22m
#16 125.4 Removing the server build in [32m/app/apps/mail/build/server[39m due to ssr:false
#16 125.4 [32m✓ built in 42.19s[39m
#16 DONE 125.7s

#17 [runner 6/6] COPY --from=builder --chown=nextjs:pnpm /app ./
#17 DONE 14.8s

#18 exporting to image
#18 exporting layers
#18 exporting layers 51.8s done
#18 exporting manifest sha256:420651608a138c94f746c560ea310c715567422bc025989952fca18c1cbdc8e5 done
#18 exporting config sha256:6e6d60955ed43708c2721235a2d7b6942640ad872110955942f31a27ef7f004f done
#18 exporting attestation manifest sha256:1762f898a38ab87b76d1b659c1f082cfabf4ec5a1444774ca2e451dbdbb3b23c done
#18 exporting manifest list sha256:d3ef4cad57a78346249e006c47a6376f02d47725789cfb12440bf46364649133 done
#18 naming to ghcr.io/lair404xyz/mail-zero:latest 0.0s done
#18 pushing layers
#18 ...

#19 [auth] lair404xyz/mail-zero:pull,push token for ghcr.io
#19 DONE 0.0s

#18 exporting to image
#18 pushing layers 0.8s done
#18 ERROR: failed to push ghcr.io/lair404xyz/mail-zero:latest: unexpected status from HEAD request to https://ghcr.io/v2/lair404xyz/mail-zero/blobs/sha256:f342b9ae0d8cf537e265865b204b67332276a86b2f7f0bebf527dcf085756ce1: 403 Forbidden
------
 > exporting to image:
------
ERROR: failed to build: failed to solve: failed to push ghcr.io/lair404xyz/mail-zero:latest: unexpected status from HEAD request to https://ghcr.io/v2/lair404xyz/mail-zero/blobs/sha256:f342b9ae0d8cf537e265865b204b67332276a86b2f7f0bebf527dcf085756ce1: 403 Forbidden
